2025-09-15T15:16:11.763-03:00  INFO 14652 --- [AdaCommerce] [restartedMain] b.c.AdaCommerce.AdaCommerceApplication   : Starting AdaCommerceApplication using Java 21.0.8 with PID 14652 (C:\Ada_Tech\AdaCommerce\target\classes started by Leo in C:\Ada_Tech\AdaCommerce)
2025-09-15T15:16:11.780-03:00  INFO 14652 --- [AdaCommerce] [restartedMain] b.c.AdaCommerce.AdaCommerceApplication   : No active profile set, falling back to 1 default profile: "default"
2025-09-15T15:16:17.039-03:00  INFO 14652 --- [AdaCommerce] [restartedMain] o.apache.catalina.core.StandardService   : Starting service [Tomcat]
2025-09-15T15:16:17.040-03:00  INFO 14652 --- [AdaCommerce] [restartedMain] o.apache.catalina.core.StandardEngine    : Starting Servlet engine: [Apache Tomcat/10.1.44]
2025-09-15T15:16:17.216-03:00  INFO 14652 --- [AdaCommerce] [restartedMain] o.a.c.c.C.[Tomcat].[localhost].[/]       : Initializing Spring embedded WebApplicationContext
2025-09-15T15:16:17.895-03:00  INFO 14652 --- [AdaCommerce] [restartedMain] com.zaxxer.hikari.HikariDataSource       : HikariPool-1 - Starting...
2025-09-15T15:16:18.741-03:00  INFO 14652 --- [AdaCommerce] [restartedMain] com.zaxxer.hikari.pool.HikariPool        : HikariPool-1 - Added connection com.mysql.cj.jdbc.ConnectionImpl@319755c5
2025-09-15T15:16:18.744-03:00  INFO 14652 --- [AdaCommerce] [restartedMain] com.zaxxer.hikari.HikariDataSource       : HikariPool-1 - Start completed.
2025-09-15T15:16:18.849-03:00  INFO 14652 --- [AdaCommerce] [restartedMain] org.flywaydb.core.FlywayExecutor         : Database: jdbc:mysql://localhost:3306/ada_commerce?createDatabaseIfNotExist=true (MySQL 8.0)
2025-09-15T15:16:19.025-03:00  INFO 14652 --- [AdaCommerce] [restartedMain] o.f.core.internal.command.DbValidate     : Successfully validated 0 migrations (execution time 00:00.081s)
2025-09-15T15:16:19.026-03:00  WARN 14652 --- [AdaCommerce] [restartedMain] o.f.core.internal.command.DbValidate     : No migrations found. Are your locations set up correctly?
2025-09-15T15:16:19.070-03:00  INFO 14652 --- [AdaCommerce] [restartedMain] o.f.core.internal.command.DbMigrate      : Current version of schema `ada_commerce`: << Empty Schema >>
2025-09-15T15:16:19.081-03:00  INFO 14652 --- [AdaCommerce] [restartedMain] o.f.core.internal.command.DbMigrate      : Schema `ada_commerce` is up to date. No migration necessary.
2025-09-15T15:16:20.257-03:00  WARN 14652 --- [AdaCommerce] [restartedMain] org.hibernate.orm.deprecation            : HHH90000025: MySQLDialect does not need to be specified explicitly using 'hibernate.dialect' (remove the property setting and it will be selected by default)
2025-09-15T15:16:21.971-03:00  WARN 14652 --- [AdaCommerce] [restartedMain] ConfigServletWebServerApplicationContext : Exception encountered during context initialization - cancelling refresh attempt: org.springframework.beans.factory.BeanCreationException: Error creating bean with name 'openApiConfig': Injection of autowired dependencies failed
2025-09-15T15:16:21.979-03:00  INFO 14652 --- [AdaCommerce] [restartedMain] com.zaxxer.hikari.HikariDataSource       : HikariPool-1 - Shutdown initiated...
2025-09-15T15:16:22.000-03:00  INFO 14652 --- [AdaCommerce] [restartedMain] com.zaxxer.hikari.HikariDataSource       : HikariPool-1 - Shutdown completed.
2025-09-15T15:16:22.007-03:00  INFO 14652 --- [AdaCommerce] [restartedMain] o.apache.catalina.core.StandardService   : Stopping service [Tomcat]
2025-09-15T15:16:22.074-03:00 ERROR 14652 --- [AdaCommerce] [restartedMain] o.s.boot.SpringApplication               : Application run failed

org.springframework.beans.factory.BeanCreationException: Error creating bean with name 'openApiConfig': Injection of autowired dependencies failed
	at org.springframework.beans.factory.annotation.AutowiredAnnotationBeanPostProcessor.postProcessProperties(AutowiredAnnotationBeanPostProcessor.java:515) ~[spring-beans-6.2.10.jar:6.2.10]
	at org.springframework.beans.factory.support.AbstractAutowireCapableBeanFactory.populateBean(AbstractAutowireCapableBeanFactory.java:1459) ~[spring-beans-6.2.10.jar:6.2.10]
	at org.springframework.beans.factory.support.AbstractAutowireCapableBeanFactory.doCreateBean(AbstractAutowireCapableBeanFactory.java:606) ~[spring-beans-6.2.10.jar:6.2.10]
	at org.springframework.beans.factory.support.AbstractAutowireCapableBeanFactory.createBean(AbstractAutowireCapableBeanFactory.java:529) ~[spring-beans-6.2.10.jar:6.2.10]
	at org.springframework.beans.factory.support.AbstractBeanFactory.lambda$doGetBean$0(AbstractBeanFactory.java:339) ~[spring-beans-6.2.10.jar:6.2.10]
	at org.springframework.beans.factory.support.DefaultSingletonBeanRegistry.getSingleton(DefaultSingletonBeanRegistry.java:373) ~[spring-beans-6.2.10.jar:6.2.10]
	at org.springframework.beans.factory.support.AbstractBeanFactory.doGetBean(AbstractBeanFactory.java:337) ~[spring-beans-6.2.10.jar:6.2.10]
	at org.springframework.beans.factory.support.AbstractBeanFactory.getBean(AbstractBeanFactory.java:202) ~[spring-beans-6.2.10.jar:6.2.10]
	at org.springframework.beans.factory.support.DefaultListableBeanFactory.instantiateSingleton(DefaultListableBeanFactory.java:1222) ~[spring-beans-6.2.10.jar:6.2.10]
	at org.springframework.beans.factory.support.DefaultListableBeanFactory.preInstantiateSingleton(DefaultListableBeanFactory.java:1188) ~[spring-beans-6.2.10.jar:6.2.10]
	at org.springframework.beans.factory.support.DefaultListableBeanFactory.preInstantiateSingletons(DefaultListableBeanFactory.java:1123) ~[spring-beans-6.2.10.jar:6.2.10]
	at org.springframework.context.support.AbstractApplicationContext.finishBeanFactoryInitialization(AbstractApplicationContext.java:987) ~[spring-context-6.2.10.jar:6.2.10]
	at org.springframework.context.support.AbstractApplicationContext.refresh(AbstractApplicationContext.java:627) ~[spring-context-6.2.10.jar:6.2.10]
	at org.springframework.boot.web.servlet.context.ServletWebServerApplicationContext.refresh(ServletWebServerApplicationContext.java:146) ~[spring-boot-3.5.5.jar:3.5.5]
	at org.springframework.boot.SpringApplication.refresh(SpringApplication.java:752) ~[spring-boot-3.5.5.jar:3.5.5]
	at org.springframework.boot.SpringApplication.refreshContext(SpringApplication.java:439) ~[spring-boot-3.5.5.jar:3.5.5]
	at org.springframework.boot.SpringApplication.run(SpringApplication.java:318) ~[spring-boot-3.5.5.jar:3.5.5]
	at org.springframework.boot.SpringApplication.run(SpringApplication.java:1361) ~[spring-boot-3.5.5.jar:3.5.5]
	at org.springframework.boot.SpringApplication.run(SpringApplication.java:1350) ~[spring-boot-3.5.5.jar:3.5.5]
	at br.com.AdaCommerce.AdaCommerceApplication.main(AdaCommerceApplication.java:10) ~[classes/:na]
	at java.base/jdk.internal.reflect.DirectMethodHandleAccessor.invoke(DirectMethodHandleAccessor.java:103) ~[na:na]
	at java.base/java.lang.reflect.Method.invoke(Method.java:580) ~[na:na]
	at org.springframework.boot.devtools.restart.RestartLauncher.run(RestartLauncher.java:50) ~[spring-boot-devtools-3.5.5.jar:3.5.5]
Caused by: org.springframework.util.PlaceholderResolutionException: Could not resolve placeholder 'adacommerce.openapi.dev-url' in value "${adacommerce.openapi.dev-url}"
	at org.springframework.util.PlaceholderResolutionException.withValue(PlaceholderResolutionException.java:81) ~[spring-core-6.2.10.jar:6.2.10]
	at org.springframework.util.PlaceholderParser$ParsedValue.resolve(PlaceholderParser.java:423) ~[spring-core-6.2.10.jar:6.2.10]
	at org.springframework.util.PlaceholderParser.replacePlaceholders(PlaceholderParser.java:128) ~[spring-core-6.2.10.jar:6.2.10]
	at org.springframework.util.PropertyPlaceholderHelper.parseStringValue(PropertyPlaceholderHelper.java:118) ~[spring-core-6.2.10.jar:6.2.10]
	at org.springframework.util.PropertyPlaceholderHelper.replacePlaceholders(PropertyPlaceholderHelper.java:114) ~[spring-core-6.2.10.jar:6.2.10]
	at org.springframework.core.env.AbstractPropertyResolver.doResolvePlaceholders(AbstractPropertyResolver.java:293) ~[spring-core-6.2.10.jar:6.2.10]
	at org.springframework.core.env.AbstractPropertyResolver.resolveRequiredPlaceholders(AbstractPropertyResolver.java:264) ~[spring-core-6.2.10.jar:6.2.10]
	at org.springframework.context.support.PropertySourcesPlaceholderConfigurer.lambda$processProperties$0(PropertySourcesPlaceholderConfigurer.java:186) ~[spring-context-6.2.10.jar:6.2.10]
	at org.springframework.beans.factory.support.AbstractBeanFactory.resolveEmbeddedValue(AbstractBeanFactory.java:971) ~[spring-beans-6.2.10.jar:6.2.10]
	at org.springframework.beans.factory.support.DefaultListableBeanFactory.doResolveDependency(DefaultListableBeanFactory.java:1657) ~[spring-beans-6.2.10.jar:6.2.10]
	at org.springframework.beans.factory.support.DefaultListableBeanFactory.resolveDependency(DefaultListableBeanFactory.java:1635) ~[spring-beans-6.2.10.jar:6.2.10]
	at org.springframework.beans.factory.annotation.AutowiredAnnotationBeanPostProcessor$AutowiredFieldElement.resolveFieldValue(AutowiredAnnotationBeanPostProcessor.java:785) ~[spring-beans-6.2.10.jar:6.2.10]
	at org.springframework.beans.factory.annotation.AutowiredAnnotationBeanPostProcessor$AutowiredFieldElement.inject(AutowiredAnnotationBeanPostProcessor.java:768) ~[spring-beans-6.2.10.jar:6.2.10]
	at org.springframework.beans.factory.annotation.InjectionMetadata.inject(InjectionMetadata.java:146) ~[spring-beans-6.2.10.jar:6.2.10]
	at org.springframework.beans.factory.annotation.AutowiredAnnotationBeanPostProcessor.postProcessProperties(AutowiredAnnotationBeanPostProcessor.java:509) ~[spring-beans-6.2.10.jar:6.2.10]
	... 22 common frames omitted

2025-09-15T15:26:25.455-03:00  INFO 17444 --- [AdaCommerce] [restartedMain] b.c.AdaCommerce.AdaCommerceApplication   : Starting AdaCommerceApplication using Java 21.0.8 with PID 17444 (C:\Ada_Tech\AdaCommerce\target\classes started by Leo in C:\Ada_Tech\AdaCommerce)
2025-09-15T15:26:25.461-03:00  INFO 17444 --- [AdaCommerce] [restartedMain] b.c.AdaCommerce.AdaCommerceApplication   : No active profile set, falling back to 1 default profile: "default"
2025-09-15T15:26:30.524-03:00  INFO 17444 --- [AdaCommerce] [restartedMain] o.apache.catalina.core.StandardService   : Starting service [Tomcat]
2025-09-15T15:26:30.526-03:00  INFO 17444 --- [AdaCommerce] [restartedMain] o.apache.catalina.core.StandardEngine    : Starting Servlet engine: [Apache Tomcat/10.1.44]
2025-09-15T15:26:30.654-03:00  INFO 17444 --- [AdaCommerce] [restartedMain] o.a.c.c.C.[Tomcat].[localhost].[/]       : Initializing Spring embedded WebApplicationContext
2025-09-15T15:26:31.282-03:00  INFO 17444 --- [AdaCommerce] [restartedMain] com.zaxxer.hikari.HikariDataSource       : HikariPool-1 - Starting...
2025-09-15T15:26:32.206-03:00  INFO 17444 --- [AdaCommerce] [restartedMain] com.zaxxer.hikari.pool.HikariPool        : HikariPool-1 - Added connection com.mysql.cj.jdbc.ConnectionImpl@e9a8707
2025-09-15T15:26:32.209-03:00  INFO 17444 --- [AdaCommerce] [restartedMain] com.zaxxer.hikari.HikariDataSource       : HikariPool-1 - Start completed.
2025-09-15T15:26:32.441-03:00  INFO 17444 --- [AdaCommerce] [restartedMain] org.flywaydb.core.FlywayExecutor         : Database: jdbc:mysql://localhost:3306/ada_commerce?createDatabaseIfNotExist=true (MySQL 8.0)
2025-09-15T15:26:32.573-03:00  INFO 17444 --- [AdaCommerce] [restartedMain] o.f.core.internal.command.DbValidate     : Successfully validated 0 migrations (execution time 00:00.060s)
2025-09-15T15:26:32.573-03:00  WARN 17444 --- [AdaCommerce] [restartedMain] o.f.core.internal.command.DbValidate     : No migrations found. Are your locations set up correctly?
2025-09-15T15:26:32.599-03:00  INFO 17444 --- [AdaCommerce] [restartedMain] o.f.core.internal.command.DbMigrate      : Current version of schema `ada_commerce`: << Empty Schema >>
2025-09-15T15:26:32.609-03:00  INFO 17444 --- [AdaCommerce] [restartedMain] o.f.core.internal.command.DbMigrate      : Schema `ada_commerce` is up to date. No migration necessary.
2025-09-15T15:26:33.823-03:00  WARN 17444 --- [AdaCommerce] [restartedMain] org.hibernate.orm.deprecation            : HHH90000025: MySQLDialect does not need to be specified explicitly using 'hibernate.dialect' (remove the property setting and it will be selected by default)
2025-09-15T15:26:39.004-03:00  WARN 17444 --- [AdaCommerce] [restartedMain] JpaBaseConfiguration$JpaWebConfiguration : spring.jpa.open-in-view is enabled by default. Therefore, database queries may be performed during view rendering. Explicitly configure spring.jpa.open-in-view to disable this warning
2025-09-15T15:26:39.941-03:00  INFO 17444 --- [AdaCommerce] [restartedMain] b.c.AdaCommerce.AdaCommerceApplication   : Started AdaCommerceApplication in 15.58 seconds (process running for 16.726)
2025-09-15T15:27:48.490-03:00  INFO 17444 --- [AdaCommerce] [http-nio-8080-exec-1] o.a.c.c.C.[Tomcat].[localhost].[/]       : Initializing Spring DispatcherServlet 'dispatcherServlet'
2025-09-15T15:27:49.968-03:00  WARN 17444 --- [AdaCommerce] [http-nio-8080-exec-3] .m.m.a.ExceptionHandlerExceptionResolver : Resolved [jakarta.servlet.ServletException: Handler dispatch failed: java.lang.NoSuchMethodError: 'void org.springframework.web.method.ControllerAdviceBean.<init>(java.lang.Object)']
2025-09-15T15:32:10.102-03:00  WARN 17444 --- [AdaCommerce] [http-nio-8080-exec-8] .m.m.a.ExceptionHandlerExceptionResolver : Resolved [jakarta.servlet.ServletException: Handler dispatch failed: java.lang.NoSuchMethodError: 'void org.springframework.web.method.ControllerAdviceBean.<init>(java.lang.Object)']
2025-09-15T15:32:29.588-03:00  INFO 17444 --- [AdaCommerce] [SpringApplicationShutdownHook] com.zaxxer.hikari.HikariDataSource       : HikariPool-1 - Shutdown initiated...
2025-09-15T15:32:29.638-03:00  INFO 17444 --- [AdaCommerce] [SpringApplicationShutdownHook] com.zaxxer.hikari.HikariDataSource       : HikariPool-1 - Shutdown completed.
2025-09-15T15:32:37.856-03:00  INFO 17148 --- [AdaCommerce] [restartedMain] b.c.AdaCommerce.AdaCommerceApplication   : Starting AdaCommerceApplication using Java 21.0.8 with PID 17148 (C:\Ada_Tech\AdaCommerce\target\classes started by Leo in C:\Ada_Tech\AdaCommerce)
2025-09-15T15:32:37.872-03:00  INFO 17148 --- [AdaCommerce] [restartedMain] b.c.AdaCommerce.AdaCommerceApplication   : No active profile set, falling back to 1 default profile: "default"
2025-09-15T15:32:42.951-03:00  INFO 17148 --- [AdaCommerce] [restartedMain] o.apache.catalina.core.StandardService   : Starting service [Tomcat]
2025-09-15T15:32:42.952-03:00  INFO 17148 --- [AdaCommerce] [restartedMain] o.apache.catalina.core.StandardEngine    : Starting Servlet engine: [Apache Tomcat/10.1.44]
2025-09-15T15:32:43.073-03:00  INFO 17148 --- [AdaCommerce] [restartedMain] o.a.c.c.C.[Tomcat].[localhost].[/]       : Initializing Spring embedded WebApplicationContext
2025-09-15T15:32:43.667-03:00  INFO 17148 --- [AdaCommerce] [restartedMain] com.zaxxer.hikari.HikariDataSource       : HikariPool-1 - Starting...
2025-09-15T15:32:44.449-03:00  INFO 17148 --- [AdaCommerce] [restartedMain] com.zaxxer.hikari.pool.HikariPool        : HikariPool-1 - Added connection com.mysql.cj.jdbc.ConnectionImpl@1cb5171e
2025-09-15T15:32:44.452-03:00  INFO 17148 --- [AdaCommerce] [restartedMain] com.zaxxer.hikari.HikariDataSource       : HikariPool-1 - Start completed.
2025-09-15T15:32:44.544-03:00  INFO 17148 --- [AdaCommerce] [restartedMain] org.flywaydb.core.FlywayExecutor         : Database: jdbc:mysql://localhost:3306/ada_commerce?createDatabaseIfNotExist=true (MySQL 8.0)
2025-09-15T15:32:44.687-03:00  INFO 17148 --- [AdaCommerce] [restartedMain] o.f.core.internal.command.DbValidate     : Successfully validated 0 migrations (execution time 00:00.071s)
2025-09-15T15:32:44.688-03:00  WARN 17148 --- [AdaCommerce] [restartedMain] o.f.core.internal.command.DbValidate     : No migrations found. Are your locations set up correctly?
2025-09-15T15:32:44.761-03:00  INFO 17148 --- [AdaCommerce] [restartedMain] o.f.core.internal.command.DbMigrate      : Current version of schema `ada_commerce`: << Empty Schema >>
2025-09-15T15:32:44.768-03:00  INFO 17148 --- [AdaCommerce] [restartedMain] o.f.core.internal.command.DbMigrate      : Schema `ada_commerce` is up to date. No migration necessary.
2025-09-15T15:32:45.946-03:00  WARN 17148 --- [AdaCommerce] [restartedMain] org.hibernate.orm.deprecation            : HHH90000025: MySQLDialect does not need to be specified explicitly using 'hibernate.dialect' (remove the property setting and it will be selected by default)
2025-09-15T15:32:51.113-03:00  WARN 17148 --- [AdaCommerce] [restartedMain] JpaBaseConfiguration$JpaWebConfiguration : spring.jpa.open-in-view is enabled by default. Therefore, database queries may be performed during view rendering. Explicitly configure spring.jpa.open-in-view to disable this warning
2025-09-15T15:32:52.014-03:00  INFO 17148 --- [AdaCommerce] [restartedMain] b.c.AdaCommerce.AdaCommerceApplication   : Started AdaCommerceApplication in 15.54 seconds (process running for 16.726)
2025-09-15T15:33:24.260-03:00  INFO 17148 --- [AdaCommerce] [http-nio-8080-exec-1] o.a.c.c.C.[Tomcat].[localhost].[/]       : Initializing Spring DispatcherServlet 'dispatcherServlet'
2025-09-15T15:33:25.253-03:00  WARN 17148 --- [AdaCommerce] [http-nio-8080-exec-5] .m.m.a.ExceptionHandlerExceptionResolver : Resolved [jakarta.servlet.ServletException: Handler dispatch failed: java.lang.NoSuchMethodError: 'void org.springframework.web.method.ControllerAdviceBean.<init>(java.lang.Object)']
2025-09-15T15:38:29.775-03:00  WARN 17148 --- [AdaCommerce] [http-nio-8080-exec-9] .m.m.a.ExceptionHandlerExceptionResolver : Resolved [jakarta.servlet.ServletException: Handler dispatch failed: java.lang.NoSuchMethodError: 'void org.springframework.web.method.ControllerAdviceBean.<init>(java.lang.Object)']
2025-09-15T15:38:36.224-03:00  WARN 17148 --- [AdaCommerce] [http-nio-8080-exec-3] .m.m.a.ExceptionHandlerExceptionResolver : Resolved [jakarta.servlet.ServletException: Handler dispatch failed: java.lang.NoSuchMethodError: 'void org.springframework.web.method.ControllerAdviceBean.<init>(java.lang.Object)']
2025-09-15T15:39:45.205-03:00  WARN 17148 --- [AdaCommerce] [http-nio-8080-exec-4] .m.m.a.ExceptionHandlerExceptionResolver : Resolved [org.springframework.web.servlet.resource.NoResourceFoundException: No static resource api/cep.]
2025-09-15T15:39:50.810-03:00  WARN 17148 --- [AdaCommerce] [http-nio-8080-exec-5] .m.m.a.ExceptionHandlerExceptionResolver : Resolved [org.springframework.web.servlet.resource.NoResourceFoundException: No static resource api/cep.]
2025-09-15T15:39:58.278-03:00  WARN 17148 --- [AdaCommerce] [http-nio-8080-exec-6] .m.m.a.ExceptionHandlerExceptionResolver : Resolved [org.springframework.web.servlet.resource.NoResourceFoundException: No static resource api/cep.]
2025-09-15T15:40:02.626-03:00  WARN 17148 --- [AdaCommerce] [http-nio-8080-exec-7] .m.m.a.ExceptionHandlerExceptionResolver : Resolved [org.springframework.web.servlet.resource.NoResourceFoundException: No static resource api/cep.]
2025-09-15T15:42:02.531-03:00  WARN 17148 --- [AdaCommerce] [http-nio-8080-exec-10] .m.m.a.ExceptionHandlerExceptionResolver : Resolved [jakarta.servlet.ServletException: Handler dispatch failed: java.lang.NoSuchMethodError: 'void org.springframework.web.method.ControllerAdviceBean.<init>(java.lang.Object)']
2025-09-15T15:42:02.907-03:00  WARN 17148 --- [AdaCommerce] [http-nio-8080-exec-1] .m.m.a.ExceptionHandlerExceptionResolver : Resolved [org.springframework.web.servlet.resource.NoResourceFoundException: No static resource favicon.ico.]
2025-09-15T15:42:44.695-03:00  WARN 17148 --- [AdaCommerce] [http-nio-8080-exec-4] .m.m.a.ExceptionHandlerExceptionResolver : Resolved [jakarta.servlet.ServletException: Handler dispatch failed: java.lang.NoSuchMethodError: 'void org.springframework.web.method.ControllerAdviceBean.<init>(java.lang.Object)']
2025-09-15T15:43:57.078-03:00  WARN 17148 --- [AdaCommerce] [http-nio-8080-exec-8] .m.m.a.ExceptionHandlerExceptionResolver : Resolved [jakarta.servlet.ServletException: Handler dispatch failed: java.lang.NoSuchMethodError: 'void org.springframework.web.method.ControllerAdviceBean.<init>(java.lang.Object)']
2025-09-15T15:43:59.357-03:00  WARN 17148 --- [AdaCommerce] [http-nio-8080-exec-2] .m.m.a.ExceptionHandlerExceptionResolver : Resolved [jakarta.servlet.ServletException: Handler dispatch failed: java.lang.NoSuchMethodError: 'void org.springframework.web.method.ControllerAdviceBean.<init>(java.lang.Object)']
2025-09-15T15:56:27.270-03:00  WARN 17148 --- [AdaCommerce] [http-nio-8080-exec-5] .m.m.a.ExceptionHandlerExceptionResolver : Resolved [jakarta.servlet.ServletException: Handler dispatch failed: java.lang.NoSuchMethodError: 'void org.springframework.web.method.ControllerAdviceBean.<init>(java.lang.Object)']
2025-09-15T16:00:45.342-03:00  WARN 17148 --- [AdaCommerce] [http-nio-8080-exec-9] .m.m.a.ExceptionHandlerExceptionResolver : Resolved [jakarta.servlet.ServletException: Handler dispatch failed: java.lang.NoSuchMethodError: 'void org.springframework.web.method.ControllerAdviceBean.<init>(java.lang.Object)']
2025-09-15T16:00:52.604-03:00  WARN 17148 --- [AdaCommerce] [http-nio-8080-exec-3] .m.m.a.ExceptionHandlerExceptionResolver : Resolved [jakarta.servlet.ServletException: Handler dispatch failed: java.lang.NoSuchMethodError: 'void org.springframework.web.method.ControllerAdviceBean.<init>(java.lang.Object)']
2025-09-15T16:02:22.723-03:00  WARN 17148 --- [AdaCommerce] [http-nio-8080-exec-7] .m.m.a.ExceptionHandlerExceptionResolver : Resolved [jakarta.servlet.ServletException: Handler dispatch failed: java.lang.NoSuchMethodError: 'void org.springframework.web.method.ControllerAdviceBean.<init>(java.lang.Object)']
2025-09-15T16:02:41.224-03:00  INFO 17148 --- [AdaCommerce] [SpringApplicationShutdownHook] com.zaxxer.hikari.HikariDataSource       : HikariPool-1 - Shutdown initiated...
2025-09-15T16:02:41.251-03:00  INFO 17148 --- [AdaCommerce] [SpringApplicationShutdownHook] com.zaxxer.hikari.HikariDataSource       : HikariPool-1 - Shutdown completed.
2025-09-15T19:32:21.187-03:00  INFO 15696 --- [AdaCommerce] [restartedMain] b.c.AdaCommerce.AdaCommerceApplication   : Starting AdaCommerceApplication using Java 21.0.8 with PID 15696 (C:\Ada_Tech\AdaCommerce\target\classes started by Leo in C:\Ada_Tech\AdaCommerce)
2025-09-15T19:32:21.202-03:00  INFO 15696 --- [AdaCommerce] [restartedMain] b.c.AdaCommerce.AdaCommerceApplication   : No active profile set, falling back to 1 default profile: "default"
2025-09-15T19:32:38.847-03:00  INFO 15696 --- [AdaCommerce] [restartedMain] o.apache.catalina.core.StandardService   : Starting service [Tomcat]
2025-09-15T19:32:38.852-03:00  INFO 15696 --- [AdaCommerce] [restartedMain] o.apache.catalina.core.StandardEngine    : Starting Servlet engine: [Apache Tomcat/10.1.44]
2025-09-15T19:32:39.440-03:00  INFO 15696 --- [AdaCommerce] [restartedMain] o.a.c.c.C.[Tomcat].[localhost].[/]       : Initializing Spring embedded WebApplicationContext
2025-09-15T19:32:42.866-03:00  INFO 15696 --- [AdaCommerce] [restartedMain] com.zaxxer.hikari.HikariDataSource       : HikariPool-1 - Starting...
2025-09-15T19:32:46.131-03:00  INFO 15696 --- [AdaCommerce] [restartedMain] com.zaxxer.hikari.pool.HikariPool        : HikariPool-1 - Added connection com.mysql.cj.jdbc.ConnectionImpl@7fc0129
2025-09-15T19:32:46.139-03:00  INFO 15696 --- [AdaCommerce] [restartedMain] com.zaxxer.hikari.HikariDataSource       : HikariPool-1 - Start completed.
2025-09-15T19:32:46.563-03:00  INFO 15696 --- [AdaCommerce] [restartedMain] org.flywaydb.core.FlywayExecutor         : Database: jdbc:mysql://localhost:3306/ada_commerce?createDatabaseIfNotExist=true (MySQL 8.0)
2025-09-15T19:32:47.079-03:00  INFO 15696 --- [AdaCommerce] [restartedMain] o.f.core.internal.command.DbValidate     : Successfully validated 0 migrations (execution time 00:00.207s)
2025-09-15T19:32:47.082-03:00  WARN 15696 --- [AdaCommerce] [restartedMain] o.f.core.internal.command.DbValidate     : No migrations found. Are your locations set up correctly?
2025-09-15T19:32:47.171-03:00  INFO 15696 --- [AdaCommerce] [restartedMain] o.f.core.internal.command.DbMigrate      : Current version of schema `ada_commerce`: << Empty Schema >>
2025-09-15T19:32:47.193-03:00  INFO 15696 --- [AdaCommerce] [restartedMain] o.f.core.internal.command.DbMigrate      : Schema `ada_commerce` is up to date. No migration necessary.
2025-09-15T19:32:50.188-03:00  WARN 15696 --- [AdaCommerce] [restartedMain] org.hibernate.orm.deprecation            : HHH90000025: MySQLDialect does not need to be specified explicitly using 'hibernate.dialect' (remove the property setting and it will be selected by default)
2025-09-15T19:33:11.502-03:00  WARN 15696 --- [AdaCommerce] [restartedMain] JpaBaseConfiguration$JpaWebConfiguration : spring.jpa.open-in-view is enabled by default. Therefore, database queries may be performed during view rendering. Explicitly configure spring.jpa.open-in-view to disable this warning
2025-09-15T19:33:14.979-03:00  INFO 15696 --- [AdaCommerce] [restartedMain] b.c.AdaCommerce.AdaCommerceApplication   : Started AdaCommerceApplication in 57.003 seconds (process running for 62.197)
2025-09-15T19:33:15.252-03:00  INFO 15696 --- [AdaCommerce] [http-nio-8080-exec-1] o.a.c.c.C.[Tomcat].[localhost].[/]       : Initializing Spring DispatcherServlet 'dispatcherServlet'
2025-09-15T19:33:17.315-03:00  WARN 15696 --- [AdaCommerce] [http-nio-8080-exec-3] .m.m.a.ExceptionHandlerExceptionResolver : Resolved [jakarta.servlet.ServletException: Handler dispatch failed: java.lang.NoSuchMethodError: 'void org.springframework.web.method.ControllerAdviceBean.<init>(java.lang.Object)']
2025-09-15T19:38:16.875-03:00  WARN 15696 --- [AdaCommerce] [http-nio-8080-exec-8] .m.m.a.ExceptionHandlerExceptionResolver : Resolved [jakarta.servlet.ServletException: Handler dispatch failed: java.lang.NoSuchMethodError: 'void org.springframework.web.method.ControllerAdviceBean.<init>(java.lang.Object)']
2025-09-15T19:38:19.936-03:00  WARN 15696 --- [AdaCommerce] [http-nio-8080-exec-2] .m.m.a.ExceptionHandlerExceptionResolver : Resolved [jakarta.servlet.ServletException: Handler dispatch failed: java.lang.NoSuchMethodError: 'void org.springframework.web.method.ControllerAdviceBean.<init>(java.lang.Object)']
2025-09-15T19:42:09.110-03:00  WARN 15696 --- [AdaCommerce] [http-nio-8080-exec-6] .m.m.a.ExceptionHandlerExceptionResolver : Resolved [jakarta.servlet.ServletException: Handler dispatch failed: java.lang.NoSuchMethodError: 'void org.springframework.web.method.ControllerAdviceBean.<init>(java.lang.Object)']
2025-09-15T19:59:06.781-03:00  INFO 13748 --- [AdaCommerce] [restartedMain] b.c.AdaCommerce.AdaCommerceApplication   : Starting AdaCommerceApplication using Java 21.0.8 with PID 13748 (C:\Ada_Tech\AdaCommerce\target\classes started by Leo in C:\Ada_Tech\AdaCommerce)
2025-09-15T19:59:06.806-03:00  INFO 13748 --- [AdaCommerce] [restartedMain] b.c.AdaCommerce.AdaCommerceApplication   : No active profile set, falling back to 1 default profile: "default"
2025-09-15T19:59:20.069-03:00  INFO 13748 --- [AdaCommerce] [restartedMain] o.apache.catalina.core.StandardService   : Starting service [Tomcat]
2025-09-15T19:59:20.072-03:00  INFO 13748 --- [AdaCommerce] [restartedMain] o.apache.catalina.core.StandardEngine    : Starting Servlet engine: [Apache Tomcat/10.1.44]
2025-09-15T19:59:20.247-03:00  INFO 13748 --- [AdaCommerce] [restartedMain] o.a.c.c.C.[Tomcat].[localhost].[/]       : Initializing Spring embedded WebApplicationContext
2025-09-15T19:59:21.735-03:00  INFO 13748 --- [AdaCommerce] [restartedMain] com.zaxxer.hikari.HikariDataSource       : HikariPool-1 - Starting...
2025-09-15T19:59:23.338-03:00  INFO 13748 --- [AdaCommerce] [restartedMain] com.zaxxer.hikari.pool.HikariPool        : HikariPool-1 - Added connection com.mysql.cj.jdbc.ConnectionImpl@5c287fd9
2025-09-15T19:59:23.343-03:00  INFO 13748 --- [AdaCommerce] [restartedMain] com.zaxxer.hikari.HikariDataSource       : HikariPool-1 - Start completed.
2025-09-15T19:59:23.936-03:00  INFO 13748 --- [AdaCommerce] [restartedMain] org.flywaydb.core.FlywayExecutor         : Database: jdbc:mysql://localhost:3306/ada_commerce?createDatabaseIfNotExist=true (MySQL 8.0)
2025-09-15T19:59:24.255-03:00  INFO 13748 --- [AdaCommerce] [restartedMain] o.f.core.internal.command.DbValidate     : Successfully validated 0 migrations (execution time 00:00.125s)
2025-09-15T19:59:24.256-03:00  WARN 13748 --- [AdaCommerce] [restartedMain] o.f.core.internal.command.DbValidate     : No migrations found. Are your locations set up correctly?
2025-09-15T19:59:24.338-03:00  INFO 13748 --- [AdaCommerce] [restartedMain] o.f.core.internal.command.DbMigrate      : Current version of schema `ada_commerce`: << Empty Schema >>
2025-09-15T19:59:24.358-03:00  INFO 13748 --- [AdaCommerce] [restartedMain] o.f.core.internal.command.DbMigrate      : Schema `ada_commerce` is up to date. No migration necessary.
2025-09-15T19:59:27.019-03:00  WARN 13748 --- [AdaCommerce] [restartedMain] org.hibernate.orm.deprecation            : HHH90000025: MySQLDialect does not need to be specified explicitly using 'hibernate.dialect' (remove the property setting and it will be selected by default)
2025-09-15T19:59:39.605-03:00  WARN 13748 --- [AdaCommerce] [restartedMain] JpaBaseConfiguration$JpaWebConfiguration : spring.jpa.open-in-view is enabled by default. Therefore, database queries may be performed during view rendering. Explicitly configure spring.jpa.open-in-view to disable this warning
2025-09-15T19:59:42.158-03:00  INFO 13748 --- [AdaCommerce] [restartedMain] b.c.AdaCommerce.AdaCommerceApplication   : Started AdaCommerceApplication in 38.064 seconds (process running for 40.576)
2025-09-15T20:02:43.615-03:00  INFO 13748 --- [AdaCommerce] [http-nio-8080-exec-1] o.a.c.c.C.[Tomcat].[localhost].[/]       : Initializing Spring DispatcherServlet 'dispatcherServlet'
2025-09-15T20:02:49.098-03:00  INFO 13748 --- [AdaCommerce] [http-nio-8080-exec-3] o.springdoc.api.AbstractOpenApiResource  : Init duration for springdoc-openapi is: 3506 ms
2025-09-15T20:19:11.447-03:00  INFO 13748 --- [AdaCommerce] [SpringApplicationShutdownHook] com.zaxxer.hikari.HikariDataSource       : HikariPool-1 - Shutdown initiated...
2025-09-15T20:19:11.520-03:00  INFO 13748 --- [AdaCommerce] [SpringApplicationShutdownHook] com.zaxxer.hikari.HikariDataSource       : HikariPool-1 - Shutdown completed.
2025-09-15T20:20:11.070-03:00  INFO 18688 --- [AdaCommerce] [restartedMain] b.c.AdaCommerce.AdaCommerceApplication   : Starting AdaCommerceApplication using Java 21.0.8 with PID 18688 (C:\Ada_Tech\AdaCommerce\target\classes started by Leo in C:\Ada_Tech\AdaCommerce)
2025-09-15T20:20:11.088-03:00  INFO 18688 --- [AdaCommerce] [restartedMain] b.c.AdaCommerce.AdaCommerceApplication   : No active profile set, falling back to 1 default profile: "default"
2025-09-15T20:20:32.175-03:00  INFO 18688 --- [AdaCommerce] [restartedMain] o.apache.catalina.core.StandardService   : Starting service [Tomcat]
2025-09-15T20:20:32.178-03:00  INFO 18688 --- [AdaCommerce] [restartedMain] o.apache.catalina.core.StandardEngine    : Starting Servlet engine: [Apache Tomcat/10.1.44]
2025-09-15T20:20:32.731-03:00  INFO 18688 --- [AdaCommerce] [restartedMain] o.a.c.c.C.[Tomcat].[localhost].[/]       : Initializing Spring embedded WebApplicationContext
2025-09-15T20:20:35.786-03:00  INFO 18688 --- [AdaCommerce] [restartedMain] com.zaxxer.hikari.HikariDataSource       : HikariPool-1 - Starting...
2025-09-15T20:20:39.430-03:00  INFO 18688 --- [AdaCommerce] [restartedMain] com.zaxxer.hikari.pool.HikariPool        : HikariPool-1 - Added connection com.mysql.cj.jdbc.ConnectionImpl@59830906
2025-09-15T20:20:39.435-03:00  INFO 18688 --- [AdaCommerce] [restartedMain] com.zaxxer.hikari.HikariDataSource       : HikariPool-1 - Start completed.
2025-09-15T20:20:39.670-03:00  INFO 18688 --- [AdaCommerce] [restartedMain] org.flywaydb.core.FlywayExecutor         : Database: jdbc:mysql://localhost:3306/ada_commerce?createDatabaseIfNotExist=true (MySQL 8.0)
2025-09-15T20:20:39.926-03:00  INFO 18688 --- [AdaCommerce] [restartedMain] o.f.core.internal.command.DbValidate     : Successfully validated 0 migrations (execution time 00:00.123s)
2025-09-15T20:20:39.927-03:00  WARN 18688 --- [AdaCommerce] [restartedMain] o.f.core.internal.command.DbValidate     : No migrations found. Are your locations set up correctly?
2025-09-15T20:20:40.034-03:00  INFO 18688 --- [AdaCommerce] [restartedMain] o.f.core.internal.command.DbMigrate      : Current version of schema `ada_commerce`: << Empty Schema >>
2025-09-15T20:20:40.065-03:00  INFO 18688 --- [AdaCommerce] [restartedMain] o.f.core.internal.command.DbMigrate      : Schema `ada_commerce` is up to date. No migration necessary.
2025-09-15T20:20:42.111-03:00  WARN 18688 --- [AdaCommerce] [restartedMain] org.hibernate.orm.deprecation            : HHH90000025: MySQLDialect does not need to be specified explicitly using 'hibernate.dialect' (remove the property setting and it will be selected by default)
2025-09-15T20:20:56.146-03:00  WARN 18688 --- [AdaCommerce] [restartedMain] JpaBaseConfiguration$JpaWebConfiguration : spring.jpa.open-in-view is enabled by default. Therefore, database queries may be performed during view rendering. Explicitly configure spring.jpa.open-in-view to disable this warning
2025-09-15T20:21:00.125-03:00  INFO 18688 --- [AdaCommerce] [restartedMain] b.c.AdaCommerce.AdaCommerceApplication   : Started AdaCommerceApplication in 51.96 seconds (process running for 55.003)
2025-09-15T20:21:08.363-03:00  INFO 18688 --- [AdaCommerce] [http-nio-8080-exec-1] o.a.c.c.C.[Tomcat].[localhost].[/]       : Initializing Spring DispatcherServlet 'dispatcherServlet'
2025-09-15T20:21:09.965-03:00  INFO 18688 --- [AdaCommerce] [http-nio-8080-exec-4] o.springdoc.api.AbstractOpenApiResource  : Init duration for springdoc-openapi is: 696 ms
2025-09-15T20:24:20.584-03:00  INFO 18688 --- [AdaCommerce] [SpringApplicationShutdownHook] com.zaxxer.hikari.HikariDataSource       : HikariPool-1 - Shutdown initiated...
2025-09-15T20:24:20.618-03:00  INFO 18688 --- [AdaCommerce] [SpringApplicationShutdownHook] com.zaxxer.hikari.HikariDataSource       : HikariPool-1 - Shutdown completed.
2025-09-15T20:24:33.752-03:00  INFO 18344 --- [AdaCommerce] [restartedMain] b.c.AdaCommerce.AdaCommerceApplication   : Starting AdaCommerceApplication using Java 21.0.8 with PID 18344 (C:\Ada_Tech\AdaCommerce\target\classes started by Leo in C:\Ada_Tech\AdaCommerce)
2025-09-15T20:24:33.769-03:00  INFO 18344 --- [AdaCommerce] [restartedMain] b.c.AdaCommerce.AdaCommerceApplication   : No active profile set, falling back to 1 default profile: "default"
2025-09-15T20:24:44.031-03:00  INFO 18344 --- [AdaCommerce] [restartedMain] o.apache.catalina.core.StandardService   : Starting service [Tomcat]
2025-09-15T20:24:44.032-03:00  INFO 18344 --- [AdaCommerce] [restartedMain] o.apache.catalina.core.StandardEngine    : Starting Servlet engine: [Apache Tomcat/10.1.44]
2025-09-15T20:24:44.327-03:00  INFO 18344 --- [AdaCommerce] [restartedMain] o.a.c.c.C.[Tomcat].[localhost].[/]       : Initializing Spring embedded WebApplicationContext
2025-09-15T20:24:45.709-03:00  INFO 18344 --- [AdaCommerce] [restartedMain] com.zaxxer.hikari.HikariDataSource       : HikariPool-1 - Starting...
2025-09-15T20:24:47.371-03:00  INFO 18344 --- [AdaCommerce] [restartedMain] com.zaxxer.hikari.pool.HikariPool        : HikariPool-1 - Added connection com.mysql.cj.jdbc.ConnectionImpl@42ec22a7
2025-09-15T20:24:47.380-03:00  INFO 18344 --- [AdaCommerce] [restartedMain] com.zaxxer.hikari.HikariDataSource       : HikariPool-1 - Start completed.
2025-09-15T20:24:47.736-03:00  INFO 18344 --- [AdaCommerce] [restartedMain] org.flywaydb.core.FlywayExecutor         : Database: jdbc:mysql://localhost:3306/ada_commerce?createDatabaseIfNotExist=true (MySQL 8.0)
2025-09-15T20:24:48.015-03:00  INFO 18344 --- [AdaCommerce] [restartedMain] o.f.core.internal.command.DbValidate     : Successfully validated 0 migrations (execution time 00:00.124s)
2025-09-15T20:24:48.016-03:00  WARN 18344 --- [AdaCommerce] [restartedMain] o.f.core.internal.command.DbValidate     : No migrations found. Are your locations set up correctly?
2025-09-15T20:24:48.094-03:00  INFO 18344 --- [AdaCommerce] [restartedMain] o.f.core.internal.command.DbMigrate      : Current version of schema `ada_commerce`: << Empty Schema >>
2025-09-15T20:24:48.121-03:00  INFO 18344 --- [AdaCommerce] [restartedMain] o.f.core.internal.command.DbMigrate      : Schema `ada_commerce` is up to date. No migration necessary.
2025-09-15T20:24:50.727-03:00  WARN 18344 --- [AdaCommerce] [restartedMain] org.hibernate.orm.deprecation            : HHH90000025: MySQLDialect does not need to be specified explicitly using 'hibernate.dialect' (remove the property setting and it will be selected by default)
2025-09-15T20:25:02.231-03:00  WARN 18344 --- [AdaCommerce] [restartedMain] JpaBaseConfiguration$JpaWebConfiguration : spring.jpa.open-in-view is enabled by default. Therefore, database queries may be performed during view rendering. Explicitly configure spring.jpa.open-in-view to disable this warning
2025-09-15T20:25:04.917-03:00  INFO 18344 --- [AdaCommerce] [restartedMain] b.c.AdaCommerce.AdaCommerceApplication   : Started AdaCommerceApplication in 33.473 seconds (process running for 35.945)
2025-09-15T20:25:36.279-03:00  INFO 18344 --- [AdaCommerce] [http-nio-8080-exec-1] o.a.c.c.C.[Tomcat].[localhost].[/]       : Initializing Spring DispatcherServlet 'dispatcherServlet'
2025-09-15T20:25:40.062-03:00  INFO 18344 --- [AdaCommerce] [http-nio-8080-exec-5] o.springdoc.api.AbstractOpenApiResource  : Init duration for springdoc-openapi is: 2851 ms
2025-09-15T20:36:28.484-03:00  WARN 18344 --- [AdaCommerce] [http-nio-8080-exec-1] .m.m.a.ExceptionHandlerExceptionResolver : Resolved [br.com.AdaCommerce.execption.BusinessException: Já existe um cliente com este CPF]
2025-09-15T20:37:03.803-03:00  WARN 18344 --- [AdaCommerce] [http-nio-8080-exec-2] .m.m.a.ExceptionHandlerExceptionResolver : Resolved [br.com.AdaCommerce.execption.BusinessException: Já existe um cliente com este CPF]
2025-09-15T20:40:24.577-03:00  WARN 18344 --- [AdaCommerce] [http-nio-8080-exec-9] .m.m.a.ExceptionHandlerExceptionResolver : Resolved [org.springframework.web.reactive.function.client.WebClientRequestException: Failed to resolve 'world.openfoodfacts.org' [A(1), AAAA(28)] after 2 queries ]
2025-09-15T20:40:48.473-03:00  WARN 18344 --- [AdaCommerce] [http-nio-8080-exec-10] .m.m.a.ExceptionHandlerExceptionResolver : Resolved [org.springframework.data.mapping.PropertyReferenceException: No property 'string' found for type 'Produto']
2025-09-15T20:41:46.445-03:00  WARN 18344 --- [AdaCommerce] [http-nio-8080-exec-1] .m.m.a.ExceptionHandlerExceptionResolver : Resolved [org.springframework.data.mapping.PropertyReferenceException: No property 'string' found for type 'Cliente']
2025-09-15T20:43:48.600-03:00  WARN 18344 --- [AdaCommerce] [http-nio-8080-exec-4] .m.m.a.ExceptionHandlerExceptionResolver : Resolved [br.com.AdaCommerce.execption.BusinessException: Pedido não está aguardando pagamento]
2025-09-15T20:44:38.948-03:00  WARN 18344 --- [AdaCommerce] [http-nio-8080-exec-5] .m.m.a.ExceptionHandlerExceptionResolver : Resolved [br.com.AdaCommerce.execption.BusinessException: Pedido deve ter pelo menos um item]
2025-09-15T20:47:17.988-03:00  WARN 18344 --- [AdaCommerce] [http-nio-8080-exec-6] .m.m.a.ExceptionHandlerExceptionResolver : Resolved [jakarta.validation.ConstraintViolationException: Validation failed for classes [br.com.AdaCommerce.model.Produto] during persist time for groups [jakarta.validation.groups.Default, ]<EOL>List of constraint violations:[<EOL>?ConstraintViolationImpl{interpolatedMessage='não deve ser nulo', propertyPath=nome, rootBeanClass=class br.com.AdaCommerce.model.Produto, messageTemplate='{jakarta.validation.constraints.NotNull.message}'}<EOL>]]
2025-09-15T20:48:43.619-03:00  WARN 18344 --- [AdaCommerce] [http-nio-8080-exec-7] .m.m.a.ExceptionHandlerExceptionResolver : Resolved [org.springframework.data.mapping.PropertyReferenceException: No property 'string' found for type 'Produto']
2025-09-15T20:49:31.615-03:00  WARN 18344 --- [AdaCommerce] [http-nio-8080-exec-8] .m.m.a.ExceptionHandlerExceptionResolver : Resolved [org.springframework.data.mapping.PropertyReferenceException: No property 'string' found for type 'Produto']
2025-09-15T20:50:42.342-03:00  WARN 18344 --- [AdaCommerce] [http-nio-8080-exec-9] ration$PageModule$WarningLoggingModifier : Serializing PageImpl instances as-is is not supported, meaning that there is no guarantee about the stability of the resulting JSON structure!
	For a stable JSON structure, please use Spring Data's PagedModel (globally via @EnableSpringDataWebSupport(pageSerializationMode = VIA_DTO))
	or Spring HATEOAS and Spring Data's PagedResourcesAssembler as documented in https://docs.spring.io/spring-data/commons/reference/repositories/core-extensions.html#core.web.pageables.

2025-09-15T20:55:36.186-03:00  WARN 18344 --- [AdaCommerce] [http-nio-8080-exec-5] .m.m.a.ExceptionHandlerExceptionResolver : Resolved [org.springframework.data.mapping.PropertyReferenceException: No property 'string' found for type 'Produto']
2025-09-15T20:57:57.484-03:00  WARN 18344 --- [AdaCommerce] [http-nio-8080-exec-10] .m.m.a.ExceptionHandlerExceptionResolver : Resolved [org.springframework.dao.InvalidDataAccessApiUsageException: org.hibernate.query.sqm.UnknownPathException: Could not resolve attribute 'string' of 'br.com.AdaCommerce.model.Produto' [SELECT p FROM Produto p WHERE LOWER(p.nome) LIKE LOWER(CONCAT('%', :termo, '%')) OR LOWER(p.categoria) LIKE LOWER(CONCAT('%', :termo, '%')) order by p.string asc]]
2025-09-15T21:00:39.472-03:00  WARN 18344 --- [AdaCommerce] [http-nio-8080-exec-6] .m.m.a.ExceptionHandlerExceptionResolver : Resolved [jakarta.validation.ConstraintViolationException: Validation failed for classes [br.com.AdaCommerce.model.Produto] during persist time for groups [jakarta.validation.groups.Default, ]<EOL>List of constraint violations:[<EOL>?ConstraintViolationImpl{interpolatedMessage='não deve ser nulo', propertyPath=nome, rootBeanClass=class br.com.AdaCommerce.model.Produto, messageTemplate='{jakarta.validation.constraints.NotNull.message}'}<EOL>]]
2025-09-15T21:00:49.651-03:00  WARN 18344 --- [AdaCommerce] [http-nio-8080-exec-7] .m.m.a.ExceptionHandlerExceptionResolver : Resolved [org.springframework.web.reactive.function.client.WebClientResponseException$NotFound: 404 Not Found from GET https://world.openfoodfacts.org/api/v2/product/6543210987654.json]
2025-09-15T22:06:44.084-03:00  INFO 18344 --- [AdaCommerce] [SpringApplicationShutdownHook] com.zaxxer.hikari.HikariDataSource       : HikariPool-1 - Shutdown initiated...
2025-09-15T22:06:44.130-03:00  INFO 18344 --- [AdaCommerce] [SpringApplicationShutdownHook] com.zaxxer.hikari.HikariDataSource       : HikariPool-1 - Shutdown completed.
